# JRE version: OpenJDK Runtime Environment (8.0_242-b01) (build 1.8.0_242-release-1644-b01)
# Java VM: OpenJDK 64-Bit Server VM (25.242-b01 mixed mode windows-amd64 compressed oops)
Heap:
 PSYoungGen      total 425472K, used 338742K [0x00000000d5580000, 0x00000000f6a00000, 0x0000000100000000)
  eden space 359936K, 90% used [0x00000000d5580000,0x00000000e9258028,0x00000000eb500000)
  from space 65536K, 21% used [0x00000000ef200000,0x00000000efff5810,0x00000000f3200000)
  to   space 62464K, 0% used [0x00000000eb500000,0x00000000eb500000,0x00000000ef200000)
 ParOldGen       total 220160K, used 150741K [0x0000000080000000, 0x000000008d700000, 0x00000000d5580000)
  object space 220160K, 68% used [0x0000000080000000,0x00000000893355f0,0x000000008d700000)
 Metaspace       used 101778K, capacity 106806K, committed 109004K, reserved 1142784K
  class space    used 13476K, capacity 14451K, committed 15104K, reserved 1048576K
GC Heap History (10 events):
Event: 24.091 GC heap before
{Heap before GC invocations=23 (full 4):
 PSYoungGen      total 332288K, used 325884K [0x00000000d5580000, 0x00000000ed300000, 0x0000000100000000)
  eden space 293888K, 99% used [0x00000000d5580000,0x00000000e747ddf0,0x00000000e7480000)
  from space 38400K, 83% used [0x00000000e9d80000,0x00000000ebcc1410,0x00000000ec300000)
  to   space 41984K, 0% used [0x00000000e7480000,0x00000000e7480000,0x00000000e9d80000)
 ParOldGen       total 220160K, used 86651K [0x0000000080000000, 0x000000008d700000, 0x00000000d5580000)
  object space 220160K, 39% used [0x0000000080000000,0x000000008549efb8,0x000000008d700000)
 Metaspace       used 101238K, capacity 107336K, committed 107724K, reserved 1142784K
  class space    used 13735K, capacity 14978K, committed 15104K, reserved 1048576K
Event: 24.186 GC heap after
Heap after GC invocations=23 (full 4):
 PSYoungGen      total 335872K, used 41972K [0x00000000d5580000, 0x00000000f3200000, 0x0000000100000000)
  eden space 293888K, 0% used [0x00000000d5580000,0x00000000d5580000,0x00000000e7480000)
  from space 41984K, 99% used [0x00000000e7480000,0x00000000e9d7d2d8,0x00000000e9d80000)
  to   space 65536K, 0% used [0x00000000ef200000,0x00000000ef200000,0x00000000f3200000)
 ParOldGen       total 220160K, used 133013K [0x0000000080000000, 0x000000008d700000, 0x00000000d5580000)
  object space 220160K, 60% used [0x0000000080000000,0x00000000881e5668,0x000000008d700000)
 Metaspace       used 101238K, capacity 107336K, committed 107724K, reserved 1142784K
  class space    used 13735K, capacity 14978K, committed 15104K, reserved 1048576K
}
Event: 25.392 GC heap before
{Heap before GC invocations=24 (full 4):
 PSYoungGen      total 335872K, used 335860K [0x00000000d5580000, 0x00000000f3200000, 0x0000000100000000)
  eden space 293888K, 100% used [0x00000000d5580000,0x00000000e7480000,0x00000000e7480000)
  from space 41984K, 99% used [0x00000000e7480000,0x00000000e9d7d2d8,0x00000000e9d80000)
  to   space 65536K, 0% used [0x00000000ef200000,0x00000000ef200000,0x00000000f3200000)
 ParOldGen       total 220160K, used 133013K [0x0000000080000000, 0x000000008d700000, 0x00000000d5580000)
  object space 220160K, 60% used [0x0000000080000000,0x00000000881e5668,0x000000008d700000)
 Metaspace       used 101869K, capacity 107996K, committed 108236K, reserved 1142784K
  class space    used 13806K, capacity 15058K, committed 15104K, reserved 1048576K
Event: 25.458 GC heap after
Heap after GC invocations=24 (full 4):
 PSYoungGen      total 421888K, used 37103K [0x00000000d5580000, 0x00000000f3600000, 0x0000000100000000)
  eden space 356352K, 0% used [0x00000000d5580000,0x00000000d5580000,0x00000000eb180000)
  from space 65536K, 56% used [0x00000000ef200000,0x00000000f163bc68,0x00000000f3200000)
  to   space 66048K, 0% used [0x00000000eb180000,0x00000000eb180000,0x00000000ef200000)
 ParOldGen       total 220160K, used 155845K [0x0000000080000000, 0x000000008d700000, 0x00000000d5580000)
  object space 220160K, 70% used [0x0000000080000000,0x0000000089831618,0x000000008d700000)
 Metaspace       used 101869K, capacity 107996K, committed 108236K, reserved 1142784K
  class space    used 13806K, capacity 15058K, committed 15104K, reserved 1048576K
}
Event: 26.467 GC heap before
{Heap before GC invocations=25 (full 4):
 PSYoungGen      total 421888K, used 393455K [0x00000000d5580000, 0x00000000f3600000, 0x0000000100000000)
  eden space 356352K, 100% used [0x00000000d5580000,0x00000000eb180000,0x00000000eb180000)
  from space 65536K, 56% used [0x00000000ef200000,0x00000000f163bc68,0x00000000f3200000)
  to   space 66048K, 0% used [0x00000000eb180000,0x00000000eb180000,0x00000000ef200000)
 ParOldGen       total 220160K, used 155845K [0x0000000080000000, 0x000000008d700000, 0x00000000d5580000)
  object space 220160K, 70% used [0x0000000080000000,0x0000000089831618,0x000000008d700000)
 Metaspace       used 102444K, capacity 108656K, committed 108748K, reserved 1142784K
  class space    used 13809K, capacity 15062K, committed 15104K, reserved 1048576K
Event: 26.518 GC heap after
Heap after GC invocations=25 (full 4):
 PSYoungGen      total 422400K, used 11865K [0x00000000d5580000, 0x00000000f3600000, 0x0000000100000000)
  eden space 356352K, 0% used [0x00000000d5580000,0x00000000d5580000,0x00000000eb180000)
  from space 66048K, 17% used [0x00000000eb180000,0x00000000ebd16668,0x00000000ef200000)
  to   space 65536K, 0% used [0x00000000ef200000,0x00000000ef200000,0x00000000f3200000)
 ParOldGen       total 220160K, used 189888K [0x0000000080000000, 0x000000008d700000, 0x00000000d5580000)
  object space 220160K, 86% used [0x0000000080000000,0x000000008b970140,0x000000008d700000)
 Metaspace       used 102444K, capacity 108656K, committed 108748K, reserved 1142784K
  class space    used 13809K, capacity 15062K, committed 15104K, reserved 1048576K
}
Event: 26.518 GC heap before
{Heap before GC invocations=26 (full 5):
 PSYoungGen      total 422400K, used 11865K [0x00000000d5580000, 0x00000000f3600000, 0x0000000100000000)
  eden space 356352K, 0% used [0x00000000d5580000,0x00000000d5580000,0x00000000eb180000)
  from space 66048K, 17% used [0x00000000eb180000,0x00000000ebd16668,0x00000000ef200000)
  to   space 65536K, 0% used [0x00000000ef200000,0x00000000ef200000,0x00000000f3200000)
 ParOldGen       total 220160K, used 189888K [0x0000000080000000, 0x000000008d700000, 0x00000000d5580000)
  object space 220160K, 86% used [0x0000000080000000,0x000000008b970140,0x000000008d700000)
 Metaspace       used 102444K, capacity 108656K, committed 108748K, reserved 1142784K
  class space    used 13809K, capacity 15062K, committed 15104K, reserved 1048576K
Event: 26.990 GC heap after
Heap after GC invocations=26 (full 5):
 PSYoungGen      total 422400K, used 0K [0x00000000d5580000, 0x00000000f3600000, 0x0000000100000000)
  eden space 356352K, 0% used [0x00000000d5580000,0x00000000d5580000,0x00000000eb180000)
  from space 66048K, 0% used [0x00000000eb180000,0x00000000eb180000,0x00000000ef200000)
  to   space 65536K, 0% used [0x00000000ef200000,0x00000000ef200000,0x00000000f3200000)
 ParOldGen       total 220160K, used 150733K [0x0000000080000000, 0x000000008d700000, 0x00000000d5580000)
  object space 220160K, 68% used [0x0000000080000000,0x00000000893335f0,0x000000008d700000)
 Metaspace       used 101505K, capacity 106538K, committed 108748K, reserved 1142784K
  class space    used 13465K, capacity 14445K, committed 15104K, reserved 1048576K
}
Event: 27.716 GC heap before
{Heap before GC invocations=27 (full 5):
 PSYoungGen      total 422400K, used 356352K [0x00000000d5580000, 0x00000000f3600000, 0x0000000100000000)
  eden space 356352K, 100% used [0x00000000d5580000,0x00000000eb180000,0x00000000eb180000)
  from space 66048K, 0% used [0x00000000eb180000,0x00000000eb180000,0x00000000ef200000)
  to   space 65536K, 0% used [0x00000000ef200000,0x00000000ef200000,0x00000000f3200000)
 ParOldGen       total 220160K, used 150733K [0x0000000080000000, 0x000000008d700000, 0x00000000d5580000)
  object space 220160K, 68% used [0x0000000080000000,0x00000000893335f0,0x000000008d700000)
 Metaspace       used 101691K, capacity 106722K, committed 109004K, reserved 1142784K
  class space    used 13476K, capacity 14451K, committed 15104K, reserved 1048576K
Event: 27.733 GC heap after
Heap after GC invocations=27 (full 5):
 PSYoungGen      total 425472K, used 14294K [0x00000000d5580000, 0x00000000f6a00000, 0x0000000100000000)
  eden space 359936K, 0% used [0x00000000d5580000,0x00000000d5580000,0x00000000eb500000)
  from space 65536K, 21% used [0x00000000ef200000,0x00000000efff5810,0x00000000f3200000)
  to   space 62464K, 0% used [0x00000000eb500000,0x00000000eb500000,0x00000000ef200000)
 ParOldGen       total 220160K, used 150741K [0x0000000080000000, 0x000000008d700000, 0x00000000d5580000)
  object space 220160K, 68% used [0x0000000080000000,0x00000000893355f0,0x000000008d700000)
 Metaspace       used 101691K, capacity 106722K, committed 109004K, reserved 1142784K
  class space    used 13476K, capacity 14451K, committed 15104K, reserved 1048576K
}

