# JRE version: OpenJDK Runtime Environment (8.0_242-b01) (build 1.8.0_242-release-1644-b01)
# Java VM: OpenJDK 64-Bit Server VM (25.242-b01 mixed mode windows-amd64 compressed oops)
Heap:
 PSYoungGen      total 639488K, used 379557K [0x00000000d5580000, 0x0000000100000000, 0x0000000100000000)
  eden space 614912K, 57% used [0x00000000d5580000,0x00000000eb099e30,0x00000000fae00000)
  from space 24576K, 98% used [0x00000000fae00000,0x00000000fc58f730,0x00000000fc600000)
  to   space 42496K, 0% used [0x00000000fd680000,0x00000000fd680000,0x0000000100000000)
 ParOldGen       total 207872K, used 97392K [0x0000000080000000, 0x000000008cb00000, 0x00000000d5580000)
  object space 207872K, 46% used [0x0000000080000000,0x0000000085f1c1d0,0x000000008cb00000)
 Metaspace       used 86217K, capacity 90662K, committed 92440K, reserved 1128448K
  class space    used 11598K, capacity 12402K, committed 12848K, reserved 1048576K
GC Heap History (10 events):
Event: 59.486 GC heap before
{Heap before GC invocations=21 (full 4):
 PSYoungGen      total 539648K, used 513152K [0x00000000d5580000, 0x00000000f9200000, 0x0000000100000000)
  eden space 508416K, 100% used [0x00000000d5580000,0x00000000f4600000,0x00000000f4600000)
  from space 31232K, 15% used [0x00000000f7380000,0x00000000f7820000,0x00000000f9200000)
  to   space 38912K, 0% used [0x00000000f4600000,0x00000000f4600000,0x00000000f6c00000)
 ParOldGen       total 207872K, used 93545K [0x0000000080000000, 0x000000008cb00000, 0x00000000d5580000)
  object space 207872K, 45% used [0x0000000080000000,0x0000000085b5a4d0,0x000000008cb00000)
 Metaspace       used 81555K, capacity 85866K, committed 88216K, reserved 1124352K
  class space    used 11051K, capacity 11870K, committed 12464K, reserved 1048576K
Event: 59.511 GC heap after
Heap after GC invocations=21 (full 4):
 PSYoungGen      total 547328K, used 5472K [0x00000000d5580000, 0x00000000fea00000, 0x0000000100000000)
  eden space 508416K, 0% used [0x00000000d5580000,0x00000000d5580000,0x00000000f4600000)
  from space 38912K, 14% used [0x00000000f4600000,0x00000000f4b58010,0x00000000f6c00000)
  to   space 37888K, 0% used [0x00000000fc500000,0x00000000fc500000,0x00000000fea00000)
 ParOldGen       total 207872K, used 97376K [0x0000000080000000, 0x000000008cb00000, 0x00000000d5580000)
  object space 207872K, 46% used [0x0000000080000000,0x0000000085f181d0,0x000000008cb00000)
 Metaspace       used 81555K, capacity 85866K, committed 88216K, reserved 1124352K
  class space    used 11051K, capacity 11870K, committed 12464K, reserved 1048576K
}
Event: 61.958 GC heap before
{Heap before GC invocations=22 (full 4):
 PSYoungGen      total 547328K, used 513888K [0x00000000d5580000, 0x00000000fea00000, 0x0000000100000000)
  eden space 508416K, 100% used [0x00000000d5580000,0x00000000f4600000,0x00000000f4600000)
  from space 38912K, 14% used [0x00000000f4600000,0x00000000f4b58010,0x00000000f6c00000)
  to   space 37888K, 0% used [0x00000000fc500000,0x00000000fc500000,0x00000000fea00000)
 ParOldGen       total 207872K, used 97376K [0x0000000080000000, 0x000000008cb00000, 0x00000000d5580000)
  object space 207872K, 46% used [0x0000000080000000,0x0000000085f181d0,0x000000008cb00000)
 Metaspace       used 81671K, capacity 85946K, committed 88216K, reserved 1124352K
  class space    used 11054K, capacity 11872K, committed 12464K, reserved 1048576K
Event: 61.981 GC heap after
Heap after GC invocations=22 (full 4):
 PSYoungGen      total 620032K, used 10636K [0x00000000d5580000, 0x00000000fdf00000, 0x0000000100000000)
  eden space 593408K, 0% used [0x00000000d5580000,0x00000000d5580000,0x00000000f9900000)
  from space 26624K, 39% used [0x00000000fc500000,0x00000000fcf633f0,0x00000000fdf00000)
  to   space 35840K, 0% used [0x00000000f9900000,0x00000000f9900000,0x00000000fbc00000)
 ParOldGen       total 207872K, used 97384K [0x0000000080000000, 0x000000008cb00000, 0x00000000d5580000)
  object space 207872K, 46% used [0x0000000080000000,0x0000000085f1a1d0,0x000000008cb00000)
 Metaspace       used 81671K, capacity 85946K, committed 88216K, reserved 1124352K
  class space    used 11054K, capacity 11872K, committed 12464K, reserved 1048576K
}
Event: 63.294 GC heap before
{Heap before GC invocations=23 (full 4):
 PSYoungGen      total 620032K, used 604044K [0x00000000d5580000, 0x00000000fdf00000, 0x0000000100000000)
  eden space 593408K, 100% used [0x00000000d5580000,0x00000000f9900000,0x00000000f9900000)
  from space 26624K, 39% used [0x00000000fc500000,0x00000000fcf633f0,0x00000000fdf00000)
  to   space 35840K, 0% used [0x00000000f9900000,0x00000000f9900000,0x00000000fbc00000)
 ParOldGen       total 207872K, used 97384K [0x0000000080000000, 0x000000008cb00000, 0x00000000d5580000)
  object space 207872K, 46% used [0x0000000080000000,0x0000000085f1a1d0,0x000000008cb00000)
 Metaspace       used 81731K, capacity 86042K, committed 88472K, reserved 1126400K
  class space    used 11056K, capacity 11876K, committed 12464K, reserved 1048576K
Event: 63.332 GC heap after
Heap after GC invocations=23 (full 4):
 PSYoungGen      total 629248K, used 27529K [0x00000000d5580000, 0x0000000100000000, 0x0000000100000000)
  eden space 593408K, 0% used [0x00000000d5580000,0x00000000d5580000,0x00000000f9900000)
  from space 35840K, 76% used [0x00000000f9900000,0x00000000fb3e24e0,0x00000000fbc00000)
  to   space 38912K, 0% used [0x00000000fda00000,0x00000000fda00000,0x0000000100000000)
 ParOldGen       total 207872K, used 97384K [0x0000000080000000, 0x000000008cb00000, 0x00000000d5580000)
  object space 207872K, 46% used [0x0000000080000000,0x0000000085f1a1d0,0x000000008cb00000)
 Metaspace       used 81731K, capacity 86042K, committed 88472K, reserved 1126400K
  class space    used 11056K, capacity 11876K, committed 12464K, reserved 1048576K
}
Event: 64.696 GC heap before
{Heap before GC invocations=24 (full 4):
 PSYoungGen      total 629248K, used 620937K [0x00000000d5580000, 0x0000000100000000, 0x0000000100000000)
  eden space 593408K, 100% used [0x00000000d5580000,0x00000000f9900000,0x00000000f9900000)
  from space 35840K, 76% used [0x00000000f9900000,0x00000000fb3e24e0,0x00000000fbc00000)
  to   space 38912K, 0% used [0x00000000fda00000,0x00000000fda00000,0x0000000100000000)
 ParOldGen       total 207872K, used 97384K [0x0000000080000000, 0x000000008cb00000, 0x00000000d5580000)
  object space 207872K, 46% used [0x0000000080000000,0x0000000085f1a1d0,0x000000008cb00000)
 Metaspace       used 81736K, capacity 86046K, committed 88472K, reserved 1126400K
  class space    used 11056K, capacity 11876K, committed 12464K, reserved 1048576K
Event: 64.731 GC heap after
Heap after GC invocations=24 (full 4):
 PSYoungGen      total 653824K, used 28838K [0x00000000d5580000, 0x0000000100000000, 0x0000000100000000)
  eden space 614912K, 0% used [0x00000000d5580000,0x00000000d5580000,0x00000000fae00000)
  from space 38912K, 74% used [0x00000000fda00000,0x00000000ff629938,0x0000000100000000)
  to   space 41984K, 0% used [0x00000000fae00000,0x00000000fae00000,0x00000000fd700000)
 ParOldGen       total 207872K, used 97384K [0x0000000080000000, 0x000000008cb00000, 0x00000000d5580000)
  object space 207872K, 46% used [0x0000000080000000,0x0000000085f1a1d0,0x000000008cb00000)
 Metaspace       used 81736K, capacity 86046K, committed 88472K, reserved 1126400K
  class space    used 11056K, capacity 11876K, committed 12464K, reserved 1048576K
}
Event: 68.362 GC heap before
{Heap before GC invocations=25 (full 4):
 PSYoungGen      total 653824K, used 643099K [0x00000000d5580000, 0x0000000100000000, 0x0000000100000000)
  eden space 614912K, 99% used [0x00000000d5580000,0x00000000fad5d5f0,0x00000000fae00000)
  from space 38912K, 74% used [0x00000000fda00000,0x00000000ff629938,0x0000000100000000)
  to   space 41984K, 0% used [0x00000000fae00000,0x00000000fae00000,0x00000000fd700000)
 ParOldGen       total 207872K, used 97384K [0x0000000080000000, 0x000000008cb00000, 0x00000000d5580000)
  object space 207872K, 46% used [0x0000000080000000,0x0000000085f1a1d0,0x000000008cb00000)
 Metaspace       used 82312K, capacity 86508K, committed 88728K, reserved 1126400K
  class space    used 11138K, capacity 11917K, committed 12464K, reserved 1048576K
Event: 68.386 GC heap after
Heap after GC invocations=25 (full 4):
 PSYoungGen      total 639488K, used 24125K [0x00000000d5580000, 0x0000000100000000, 0x0000000100000000)
  eden space 614912K, 0% used [0x00000000d5580000,0x00000000d5580000,0x00000000fae00000)
  from space 24576K, 98% used [0x00000000fae00000,0x00000000fc58f730,0x00000000fc600000)
  to   space 42496K, 0% used [0x00000000fd680000,0x00000000fd680000,0x0000000100000000)
 ParOldGen       total 207872K, used 97392K [0x0000000080000000, 0x000000008cb00000, 0x00000000d5580000)
  object space 207872K, 46% used [0x0000000080000000,0x0000000085f1c1d0,0x000000008cb00000)
 Metaspace       used 82312K, capacity 86508K, committed 88728K, reserved 1126400K
  class space    used 11138K, capacity 11917K, committed 12464K, reserved 1048576K
}

