# JRE version: OpenJDK Runtime Environment (8.0_242-b01) (build 1.8.0_242-release-1644-b01)
# Java VM: OpenJDK 64-Bit Server VM (25.242-b01 mixed mode windows-amd64 compressed oops)
Heap:
 PSYoungGen      total 405504K, used 405480K [0x00000000d5580000, 0x00000000f6500000, 0x0000000100000000)
  eden space 312320K, 100% used [0x00000000d5580000,0x00000000e8680000,0x00000000e8680000)
  from space 93184K, 99% used [0x00000000f0a00000,0x00000000f64fa278,0x00000000f6500000)
  to   space 82944K, 40% used [0x00000000e8680000,0x00000000ea6fd690,0x00000000ed780000)
 ParOldGen       total 211456K, used 177720K [0x0000000080000000, 0x000000008ce80000, 0x00000000d5580000)
  object space 211456K, 84% used [0x0000000080000000,0x000000008ad8e0a8,0x000000008ce80000)
 Metaspace       used 121054K, capacity 130146K, committed 130392K, reserved 1163264K
  class space    used 15721K, capacity 17449K, committed 17536K, reserved 1048576K
GC Heap History (10 events):
Event: 2779.277 GC heap after
Heap after GC invocations=28 (full 4):
 PSYoungGen      total 373248K, used 38798K [0x00000000d5580000, 0x00000000f0e80000, 0x0000000100000000)
  eden space 293888K, 0% used [0x00000000d5580000,0x00000000d5580000,0x00000000e7480000)
  from space 79360K, 48% used [0x00000000ec100000,0x00000000ee6e3810,0x00000000f0e80000)
  to   space 78336K, 0% used [0x00000000e7480000,0x00000000e7480000,0x00000000ec100000)
 ParOldGen       total 211456K, used 137175K [0x0000000080000000, 0x000000008ce80000, 0x00000000d5580000)
  object space 211456K, 64% used [0x0000000080000000,0x00000000885f5c80,0x000000008ce80000)
 Metaspace       used 108392K, capacity 115840K, committed 115928K, reserved 1148928K
  class space    used 14004K, capacity 15546K, committed 15616K, reserved 1048576K
}
Event: 2782.551 GC heap before
{Heap before GC invocations=29 (full 4):
 PSYoungGen      total 373248K, used 332686K [0x00000000d5580000, 0x00000000f0e80000, 0x0000000100000000)
  eden space 293888K, 100% used [0x00000000d5580000,0x00000000e7480000,0x00000000e7480000)
  from space 79360K, 48% used [0x00000000ec100000,0x00000000ee6e3810,0x00000000f0e80000)
  to   space 78336K, 0% used [0x00000000e7480000,0x00000000e7480000,0x00000000ec100000)
 ParOldGen       total 211456K, used 137175K [0x0000000080000000, 0x000000008ce80000, 0x00000000d5580000)
  object space 211456K, 64% used [0x0000000080000000,0x00000000885f5c80,0x000000008ce80000)
 Metaspace       used 110381K, capacity 118058K, committed 118232K, reserved 1150976K
  class space    used 14237K, capacity 15783K, committed 15872K, reserved 1048576K
Event: 2782.581 GC heap after
Heap after GC invocations=29 (full 4):
 PSYoungGen      total 372224K, used 44910K [0x00000000d5580000, 0x00000000f2400000, 0x0000000100000000)
  eden space 293888K, 0% used [0x00000000d5580000,0x00000000d5580000,0x00000000e7480000)
  from space 78336K, 57% used [0x00000000e7480000,0x00000000ea05baa8,0x00000000ec100000)
  to   space 78336K, 0% used [0x00000000ed780000,0x00000000ed780000,0x00000000f2400000)
 ParOldGen       total 211456K, used 137183K [0x0000000080000000, 0x000000008ce80000, 0x00000000d5580000)
  object space 211456K, 64% used [0x0000000080000000,0x00000000885f7c80,0x000000008ce80000)
 Metaspace       used 110381K, capacity 118058K, committed 118232K, reserved 1150976K
  class space    used 14237K, capacity 15783K, committed 15872K, reserved 1048576K
}
Event: 2787.206 GC heap before
{Heap before GC invocations=30 (full 4):
 PSYoungGen      total 372224K, used 338798K [0x00000000d5580000, 0x00000000f2400000, 0x0000000100000000)
  eden space 293888K, 100% used [0x00000000d5580000,0x00000000e7480000,0x00000000e7480000)
  from space 78336K, 57% used [0x00000000e7480000,0x00000000ea05baa8,0x00000000ec100000)
  to   space 78336K, 0% used [0x00000000ed780000,0x00000000ed780000,0x00000000f2400000)
 ParOldGen       total 211456K, used 137183K [0x0000000080000000, 0x000000008ce80000, 0x00000000d5580000)
  object space 211456K, 64% used [0x0000000080000000,0x00000000885f7c80,0x000000008ce80000)
 Metaspace       used 114656K, capacity 122668K, committed 122968K, reserved 1155072K
  class space    used 14841K, capacity 16432K, committed 16512K, reserved 1048576K
Event: 2787.383 GC heap after
Heap after GC invocations=30 (full 4):
 PSYoungGen      total 390656K, used 58694K [0x00000000d5580000, 0x00000000f3700000, 0x0000000100000000)
  eden space 312320K, 0% used [0x00000000d5580000,0x00000000d5580000,0x00000000e8680000)
  from space 78336K, 74% used [0x00000000ed780000,0x00000000f10d1b38,0x00000000f2400000)
  to   space 82944K, 0% used [0x00000000e8680000,0x00000000e8680000,0x00000000ed780000)
 ParOldGen       total 211456K, used 137191K [0x0000000080000000, 0x000000008ce80000, 0x00000000d5580000)
  object space 211456K, 64% used [0x0000000080000000,0x00000000885f9c80,0x000000008ce80000)
 Metaspace       used 114656K, capacity 122668K, committed 122968K, reserved 1155072K
  class space    used 14841K, capacity 16432K, committed 16512K, reserved 1048576K
}
Event: 2789.106 GC heap before
{Heap before GC invocations=31 (full 4):
 PSYoungGen      total 390656K, used 371014K [0x00000000d5580000, 0x00000000f3700000, 0x0000000100000000)
  eden space 312320K, 100% used [0x00000000d5580000,0x00000000e8680000,0x00000000e8680000)
  from space 78336K, 74% used [0x00000000ed780000,0x00000000f10d1b38,0x00000000f2400000)
  to   space 82944K, 0% used [0x00000000e8680000,0x00000000e8680000,0x00000000ed780000)
 ParOldGen       total 211456K, used 137191K [0x0000000080000000, 0x000000008ce80000, 0x00000000d5580000)
  object space 211456K, 64% used [0x0000000080000000,0x00000000885f9c80,0x000000008ce80000)
 Metaspace       used 119726K, capacity 128748K, committed 128984K, reserved 1161216K
  class space    used 15604K, capacity 17358K, committed 17408K, reserved 1048576K
Event: 2789.175 GC heap after
Heap after GC invocations=31 (full 4):
 PSYoungGen      total 395264K, used 75874K [0x00000000d5580000, 0x00000000f6500000, 0x0000000100000000)
  eden space 312320K, 0% used [0x00000000d5580000,0x00000000d5580000,0x00000000e8680000)
  from space 82944K, 91% used [0x00000000e8680000,0x00000000ed098bb8,0x00000000ed780000)
  to   space 93184K, 0% used [0x00000000f0a00000,0x00000000f0a00000,0x00000000f6500000)
 ParOldGen       total 211456K, used 137199K [0x0000000080000000, 0x000000008ce80000, 0x00000000d5580000)
  object space 211456K, 64% used [0x0000000080000000,0x00000000885fbc80,0x000000008ce80000)
 Metaspace       used 119726K, capacity 128748K, committed 128984K, reserved 1161216K
  class space    used 15604K, capacity 17358K, committed 17408K, reserved 1048576K
}
Event: 2790.271 GC heap before
{Heap before GC invocations=32 (full 4):
 PSYoungGen      total 395264K, used 388194K [0x00000000d5580000, 0x00000000f6500000, 0x0000000100000000)
  eden space 312320K, 100% used [0x00000000d5580000,0x00000000e8680000,0x00000000e8680000)
  from space 82944K, 91% used [0x00000000e8680000,0x00000000ed098bb8,0x00000000ed780000)
  to   space 93184K, 0% used [0x00000000f0a00000,0x00000000f0a00000,0x00000000f6500000)
 ParOldGen       total 211456K, used 137199K [0x0000000080000000, 0x000000008ce80000, 0x00000000d5580000)
  object space 211456K, 64% used [0x0000000080000000,0x00000000885fbc80,0x000000008ce80000)
 Metaspace       used 120525K, capacity 129612K, committed 129880K, reserved 1161216K
  class space    used 15691K, capacity 17436K, committed 17536K, reserved 1048576K
Event: 2790.757 GC heap after
Heap after GC invocations=32 (full 4):
 PSYoungGen      total 405504K, used 93160K [0x00000000d5580000, 0x00000000f6500000, 0x0000000100000000)
  eden space 312320K, 0% used [0x00000000d5580000,0x00000000d5580000,0x00000000e8680000)
  from space 93184K, 99% used [0x00000000f0a00000,0x00000000f64fa278,0x00000000f6500000)
  to   space 82944K, 0% used [0x00000000e8680000,0x00000000e8680000,0x00000000ed780000)
 ParOldGen       total 211456K, used 146873K [0x0000000080000000, 0x000000008ce80000, 0x00000000d5580000)
  object space 211456K, 69% used [0x0000000080000000,0x0000000088f6e598,0x000000008ce80000)
 Metaspace       used 120525K, capacity 129612K, committed 129880K, reserved 1161216K
  class space    used 15691K, capacity 17436K, committed 17536K, reserved 1048576K
}
Event: 2792.722 GC heap before
{Heap before GC invocations=33 (full 4):
 PSYoungGen      total 405504K, used 405480K [0x00000000d5580000, 0x00000000f6500000, 0x0000000100000000)
  eden space 312320K, 100% used [0x00000000d5580000,0x00000000e8680000,0x00000000e8680000)
  from space 93184K, 99% used [0x00000000f0a00000,0x00000000f64fa278,0x00000000f6500000)
  to   space 82944K, 0% used [0x00000000e8680000,0x00000000e8680000,0x00000000ed780000)
 ParOldGen       total 211456K, used 146873K [0x0000000080000000, 0x000000008ce80000, 0x00000000d5580000)
  object space 211456K, 69% used [0x0000000080000000,0x0000000088f6e598,0x000000008ce80000)
 Metaspace       used 121054K, capacity 130146K, committed 130392K, reserved 1163264K
  class space    used 15721K, capacity 17449K, committed 17536K, reserved 1048576K

